<?xml version="1.0" encoding="UTF-8"?>
<!-- Generated by org.testng.reporters.JUnitReportReporter -->
<testsuite hostname="DESKTOP-O7TR4TL" failures="0" tests="3" name="com.box.tests.LogInPageTest" time="9.310" errors="0" timestamp="2025-04-05T12:00:26 IST" skipped="0">
  <testcase classname="com.box.tests.LogInPageTest" name="verifyLoginPageTitle" time="0.050"/>
  <testcase classname="com.box.tests.LogInPageTest" name="verifyResetPasswordTest" time="0.080"/>
  <testcase classname="com.box.tests.LogInPageTest" name="loginTest" time="9.180"/>
</testsuite> <!-- com.box.tests.LogInPageTest -->
