<?xml version="1.0" encoding="UTF-8"?>
<!-- Generated by org.testng.reporters.JUnitReportReporter -->
<testsuite hostname="DESKTOP-O7TR4TL" failures="0" tests="2" name="tests.HomePageTest" time="19.373" errors="0" timestamp="28 Apr 2025 13:25:11 GMT" skipped="0">
  <testcase classname="tests.HomePageTest" name="verifyTitle" time="5.037"/>
  <testcase classname="tests.HomePageTest" name="createFolder" time="14.336"/>
</testsuite> <!-- tests.HomePageTest -->
