<?xml version="1.0" encoding="UTF-8"?>
<!-- Generated by org.testng.reporters.JUnitReportReporter -->
<testsuite hostname="DESKTOP-O7TR4TL" failures="0" tests="3" name="tests.LogInPageTest" time="11.095" errors="0" timestamp="29 Apr 2025 15:29:17 GMT" skipped="0">
  <testcase classname="tests.LogInPageTest" name="verifyLoginPageTitle" time="0.036"/>
  <testcase classname="tests.LogInPageTest" name="verifyResetPasswordTest" time="0.111"/>
  <testcase classname="tests.LogInPageTest" name="loginTest" time="10.948"/>
</testsuite> <!-- tests.LogInPageTest -->
