<?xml version="1.0" encoding="UTF-8"?>
<!-- Generated by org.testng.reporters.JUnitReportReporter -->
<testsuite hostname="DESKTOP-O7TR4TL" failures="0" tests="3" name="tests.LogInPageTest" time="9.336" errors="0" timestamp="27 Apr 2025 11:23:35 GMT" skipped="0">
  <testcase classname="tests.LogInPageTest" name="verifyLoginPageTitle" time="0.034"/>
  <testcase classname="tests.LogInPageTest" name="verifyResetPasswordTest" time="0.047"/>
  <testcase classname="tests.LogInPageTest" name="loginTest" time="9.255"/>
</testsuite> <!-- tests.LogInPageTest -->
