<?xml version="1.0" encoding="UTF-8"?>
<!-- Generated by org.testng.reporters.JUnitReportReporter -->
<testsuite hostname="DESKTOP-O7TR4TL" failures="0" tests="2" name="com.box.tests.HomePageTest" time="19.259" errors="0" timestamp="2025-03-31T20:20:45 IST" skipped="0">
  <testcase classname="com.box.tests.HomePageTest" name="verifyTitle" time="5.081"/>
  <testcase classname="com.box.tests.HomePageTest" name="createFolder" time="14.178"/>
</testsuite> <!-- com.box.tests.HomePageTest -->
