<?xml version="1.0" encoding="UTF-8"?>
<!-- Generated by org.testng.reporters.JUnitReportReporter -->
<testsuite hostname="DESKTOP-O7TR4TL" failures="0" tests="3" name="tests.LogInPageTest" time="13.770" errors="0" timestamp="26 Apr 2025 11:26:41 GMT" skipped="0">
  <testcase classname="tests.LogInPageTest" name="verifyLoginPageTitle" time="0.130"/>
  <testcase classname="tests.LogInPageTest" name="verifyResetPasswordTest" time="0.279"/>
  <testcase classname="tests.LogInPageTest" name="loginTest" time="13.361"/>
</testsuite> <!-- tests.LogInPageTest -->
