<?xml version="1.0" encoding="UTF-8"?>
<!-- Generated by org.testng.reporters.JUnitReportReporter -->
<testsuite hostname="DESKTOP-O7TR4TL" failures="0" tests="2" name="tests.HomePageTest" time="18.696" errors="0" timestamp="27 Apr 2025 11:23:35 GMT" skipped="0">
  <testcase classname="tests.HomePageTest" name="verifyTitle" time="5.038"/>
  <testcase classname="tests.HomePageTest" name="createFolder" time="13.658"/>
</testsuite> <!-- tests.HomePageTest -->
