<?xml version="1.0" encoding="UTF-8"?>
<!-- Generated by org.testng.reporters.JUnitReportReporter -->
<testsuite hostname="DESKTOP-O7TR4TL" failures="0" tests="3" name="tests.LogInPageTest" time="8.676" errors="0" timestamp="30 Apr 2025 14:24:12 GMT" skipped="0">
  <testcase classname="tests.LogInPageTest" name="verifyLoginPageTitle" time="0.051"/>
  <testcase classname="tests.LogInPageTest" name="verifyResetPasswordTest" time="0.052"/>
  <testcase classname="tests.LogInPageTest" name="loginTest" time="8.573"/>
</testsuite> <!-- tests.LogInPageTest -->
