<?xml version="1.0" encoding="UTF-8"?>
<!-- Generated by org.testng.reporters.JUnitReportReporter -->
<testsuite hostname="DESKTOP-O7TR4TL" failures="0" tests="3" name="tests.LogInPageTest" time="6.632" errors="0" timestamp="28 Apr 2025 13:25:11 GMT" skipped="0">
  <testcase classname="tests.LogInPageTest" name="verifyLoginPageTitle" time="0.039"/>
  <testcase classname="tests.LogInPageTest" name="verifyResetPasswordTest" time="0.079"/>
  <testcase classname="tests.LogInPageTest" name="loginTest" time="6.514"/>
</testsuite> <!-- tests.LogInPageTest -->
