<?xml version="1.0" encoding="UTF-8"?>
<!-- Generated by org.testng.reporters.JUnitReportReporter -->
<testsuite hostname="DESKTOP-O7TR4TL" failures="0" tests="2" name="tests.HomePageTest" time="27.323" errors="0" timestamp="30 Apr 2025 14:03:58 GMT" skipped="0">
  <testcase classname="tests.HomePageTest" name="verifyTitle" time="13.282"/>
  <testcase classname="tests.HomePageTest" name="createFolder" time="14.041"/>
</testsuite> <!-- tests.HomePageTest -->
