<?xml version="1.0" encoding="UTF-8"?>
<!-- Generated by org.testng.reporters.JUnitReportReporter -->
<testsuite hostname="DESKTOP-O7TR4TL" failures="0" tests="3" name="com.box.tests.LogInPageTest" time="6.443" errors="0" timestamp="2025-04-15T19:31:34 IST" skipped="0">
  <testcase classname="com.box.tests.LogInPageTest" name="verifyLoginPageTitle" time="0.021"/>
  <testcase classname="com.box.tests.LogInPageTest" name="verifyResetPasswordTest" time="0.062"/>
  <testcase classname="com.box.tests.LogInPageTest" name="loginTest" time="6.360"/>
</testsuite> <!-- com.box.tests.LogInPageTest -->
