<?xml version="1.0" encoding="UTF-8"?>
<!-- Generated by org.testng.reporters.JUnitReportReporter -->
<testsuite hostname="DESKTOP-O7TR4TL" failures="0" tests="2" name="com.box.tests.HomePageTest" time="20.375" errors="0" timestamp="2025-04-15T19:31:34 IST" skipped="0">
  <testcase classname="com.box.tests.HomePageTest" name="verifyTitle" time="5.043"/>
  <testcase classname="com.box.tests.HomePageTest" name="createFolder" time="15.332"/>
</testsuite> <!-- com.box.tests.HomePageTest -->
